The system is: Darwin - 16.5.0 - x86_64
Compiling the Fortran compiler identification source file "CMakeFortranCompilerId.F" succeeded.
Compiler: /usr/local/bin/gfortran 
Build flags: 
Id flags: -v

The output was:
0
Driving: /usr/local/bin/gfortran -v CMakeFortranCompilerId.F -mmacosx-version-min=10.12.5 -asm_macosx_version_min=10.12 -l gfortran -shared-libgcc
Using built-in specs.
COLLECT_GCC=/usr/local/bin/gfortran
COLLECT_LTO_WRAPPER=/usr/local/Cellar/gcc/6.3.0_1/libexec/gcc/x86_64-apple-darwin16.5.0/6.3.0/lto-wrapper
Target: x86_64-apple-darwin16.5.0
Configured with: ../configure --build=x86_64-apple-darwin16.5.0 --prefix=/usr/local/Cellar/gcc/6.3.0_1 --libdir=/usr/local/Cellar/gcc/6.3.0_1/lib/gcc/6 --enable-languages=c,c++,objc,obj-c++,fortran --program-suffix=-6 --with-gmp=/usr/local/opt/gmp --with-mpfr=/usr/local/opt/mpfr --with-mpc=/usr/local/opt/libmpc --with-isl=/usr/local/opt/isl --with-system-zlib --enable-stage1-checking --enable-checking=release --enable-lto --with-build-config=bootstrap-debug --disable-werror --with-pkgversion='Homebrew GCC 6.3.0_1 --without-multilib' --with-bugurl=https://github.com/Homebrew/homebrew-core/issues --disable-nls --disable-multilib
Thread model: posix
gcc version 6.3.0 (Homebrew GCC 6.3.0_1 --without-multilib) 
COLLECT_GCC_OPTIONS='-v' '-mmacosx-version-min=10.12.5' '-asm_macosx_version_min=10.12' '-shared-libgcc' '-mtune=core2'
 /usr/local/Cellar/gcc/6.3.0_1/libexec/gcc/x86_64-apple-darwin16.5.0/6.3.0/f951 CMakeFortranCompilerId.F -ffixed-form -cpp=/var/folders/0k/clzf66yj5s776mq_gzzg356w0000gn/T//ccwFR2BK.f90 -quiet -v -D__DYNAMIC__ CMakeFortranCompilerId.F -fPIC -quiet -dumpbase CMakeFortranCompilerId.F -mmacosx-version-min=10.12.5 -mtune=core2 -auxbase CMakeFortranCompilerId -version -fintrinsic-modules-path /usr/local/Cellar/gcc/6.3.0_1/lib/gcc/6/gcc/x86_64-apple-darwin16.5.0/6.3.0/finclude -o /var/folders/0k/clzf66yj5s776mq_gzzg356w0000gn/T//ccn1kHcy.s
GNU Fortran (Homebrew GCC 6.3.0_1 --without-multilib) version 6.3.0 (x86_64-apple-darwin16.5.0)
	compiled by GNU C version 6.3.0, GMP version 6.1.2, MPFR version 3.1.5, MPC version 1.0.3, isl version 0.15
GGC heuristics: --param ggc-min-expand=100 --param ggc-min-heapsize=131072
ignoring nonexistent directory "/usr/local/Cellar/gcc/6.3.0_1/lib/gcc/6/gcc/x86_64-apple-darwin16.5.0/6.3.0/../../../../../../x86_64-apple-darwin16.5.0/include"
#include "..." search starts here:
#include <...> search starts here:
 /usr/local/Cellar/gcc/6.3.0_1/lib/gcc/6/gcc/x86_64-apple-darwin16.5.0/6.3.0/finclude
 /usr/local/Cellar/gcc/6.3.0_1/lib/gcc/6/gcc/x86_64-apple-darwin16.5.0/6.3.0/include
 /usr/local/include
 /usr/local/Cellar/gcc/6.3.0_1/include
 /usr/local/Cellar/gcc/6.3.0_1/lib/gcc/6/gcc/x86_64-apple-darwin16.5.0/6.3.0/include-fixed
 /usr/include
End of search list.
GNU Fortran2008 (Homebrew GCC 6.3.0_1 --without-multilib) version 6.3.0 (x86_64-apple-darwin16.5.0)
	compiled by GNU C version 6.3.0, GMP version 6.1.2, MPFR version 3.1.5, MPC version 1.0.3, isl version 0.15
GGC heuristics: --param ggc-min-expand=100 --param ggc-min-heapsize=131072
COLLECT_GCC_OPTIONS='-v' '-mmacosx-version-min=10.12.5'  '-shared-libgcc' '-mtune=core2'
 as -arch x86_64 -v -force_cpusubtype_ALL -mmacosx-version-min=10.12 -o /var/folders/0k/clzf66yj5s776mq_gzzg356w0000gn/T//cceBEl8E.o /var/folders/0k/clzf66yj5s776mq_gzzg356w0000gn/T//ccn1kHcy.s
Apple LLVM version 8.1.0 (clang-802.0.41)
Target: x86_64-apple-darwin16.5.0
Thread model: posix
InstalledDir: /Applications/Xcode.app/Contents/Developer/Toolchains/XcodeDefault.xctoolchain/usr/bin
 "/Applications/Xcode.app/Contents/Developer/Toolchains/XcodeDefault.xctoolchain/usr/bin/clang" -cc1as -triple x86_64-apple-macosx10.12.0 -filetype obj -main-file-name ccn1kHcy.s -target-cpu penryn -fdebug-compilation-dir /Users/yuping37/Documents/arpackpp-master/build/CMakeFiles/3.4.3/CompilerIdFortran -dwarf-debug-producer Apple LLVM version 8.1.0 (clang-802.0.41) -dwarf-version=4 -mrelocation-model pic -o /var/folders/0k/clzf66yj5s776mq_gzzg356w0000gn/T//cceBEl8E.o /var/folders/0k/clzf66yj5s776mq_gzzg356w0000gn/T//ccn1kHcy.s
Reading specs from /usr/local/Cellar/gcc/6.3.0_1/lib/gcc/6/gcc/x86_64-apple-darwin16.5.0/6.3.0/../../../libgfortran.spec
rename spec lib to liborig
COLLECT_GCC_OPTIONS='-v' '-mmacosx-version-min=10.12.5'  '-shared-libgcc' '-mtune=core2'
COMPILER_PATH=/usr/local/Cellar/gcc/6.3.0_1/libexec/gcc/x86_64-apple-darwin16.5.0/6.3.0/:/usr/local/Cellar/gcc/6.3.0_1/libexec/gcc/x86_64-apple-darwin16.5.0/6.3.0/:/usr/local/Cellar/gcc/6.3.0_1/libexec/gcc/x86_64-apple-darwin16.5.0/:/usr/local/Cellar/gcc/6.3.0_1/lib/gcc/6/gcc/x86_64-apple-darwin16.5.0/6.3.0/:/usr/local/Cellar/gcc/6.3.0_1/lib/gcc/6/gcc/x86_64-apple-darwin16.5.0/
LIBRARY_PATH=/usr/local/Cellar/gcc/6.3.0_1/lib/gcc/6/gcc/x86_64-apple-darwin16.5.0/6.3.0/:/usr/local/Cellar/gcc/6.3.0_1/lib/gcc/6/gcc/x86_64-apple-darwin16.5.0/6.3.0/../../../
COLLECT_GCC_OPTIONS='-v' '-mmacosx-version-min=10.12.5'  '-shared-libgcc' '-mtune=core2'
 /usr/local/Cellar/gcc/6.3.0_1/libexec/gcc/x86_64-apple-darwin16.5.0/6.3.0/collect2 -dynamic -arch x86_64 -macosx_version_min 10.12.5 -weak_reference_mismatches non-weak -o a.out -L/usr/local/Cellar/gcc/6.3.0_1/lib/gcc/6/gcc/x86_64-apple-darwin16.5.0/6.3.0 -L/usr/local/Cellar/gcc/6.3.0_1/lib/gcc/6/gcc/x86_64-apple-darwin16.5.0/6.3.0/../../.. /var/folders/0k/clzf66yj5s776mq_gzzg356w0000gn/T//cceBEl8E.o -lgfortran -no_compact_unwind -lSystem -lgcc_ext.10.5 -lgcc -lquadmath -lm -lgcc_ext.10.5 -lgcc -lSystem -v
collect2 version 6.3.0
/usr/bin/ld -dynamic -arch x86_64 -macosx_version_min 10.12.5 -weak_reference_mismatches non-weak -o a.out -L/usr/local/Cellar/gcc/6.3.0_1/lib/gcc/6/gcc/x86_64-apple-darwin16.5.0/6.3.0 -L/usr/local/Cellar/gcc/6.3.0_1/lib/gcc/6/gcc/x86_64-apple-darwin16.5.0/6.3.0/../../.. /var/folders/0k/clzf66yj5s776mq_gzzg356w0000gn/T//cceBEl8E.o -lgfortran -no_compact_unwind -lSystem -lgcc_ext.10.5 -lgcc -lquadmath -lm -lgcc_ext.10.5 -lgcc -lSystem -v
@(#)PROGRAM:ld  PROJECT:ld64-278.4
configured to support archs: armv6 armv7 armv7s arm64 i386 x86_64 x86_64h armv6m armv7k armv7m armv7em (tvOS)
Library search paths:
	/usr/local/Cellar/gcc/6.3.0_1/lib/gcc/6/gcc/x86_64-apple-darwin16.5.0/6.3.0
	/usr/local/Cellar/gcc/6.3.0_1/lib/gcc/6
	/usr/lib
	/usr/local/lib
Framework search paths:
	/Library/Frameworks/
	/System/Library/Frameworks/
 /usr/bin/nm -n /var/folders/0k/clzf66yj5s776mq_gzzg356w0000gn/T//cceBEl8E.o


Compilation of the Fortran compiler identification source "CMakeFortranCompilerId.F" produced "a.out"

The Fortran compiler identification is GNU, found in "/Users/yuping37/Documents/arpackpp-master/build/CMakeFiles/3.4.3/CompilerIdFortran/a.out"

Compiling the C compiler identification source file "CMakeCCompilerId.c" succeeded.
Compiler: /Applications/Xcode.app/Contents/Developer/Toolchains/XcodeDefault.xctoolchain/usr/bin/cc 
Build flags: 
Id flags: 

The output was:
0


Compilation of the C compiler identification source "CMakeCCompilerId.c" produced "a.out"

The C compiler identification is AppleClang, found in "/Users/yuping37/Documents/arpackpp-master/build/CMakeFiles/3.4.3/CompilerIdC/a.out"

Compiling the CXX compiler identification source file "CMakeCXXCompilerId.cpp" succeeded.
Compiler: /Applications/Xcode.app/Contents/Developer/Toolchains/XcodeDefault.xctoolchain/usr/bin/c++ 
Build flags: 
Id flags: 

The output was:
0


Compilation of the CXX compiler identification source "CMakeCXXCompilerId.cpp" produced "a.out"

The CXX compiler identification is AppleClang, found in "/Users/yuping37/Documents/arpackpp-master/build/CMakeFiles/3.4.3/CompilerIdCXX/a.out"

Determining if the Fortran compiler works passed with the following output:
Change Dir: /Users/yuping37/Documents/arpackpp-master/build/CMakeFiles/CMakeTmp

Run Build Command:"/usr/bin/make" "cmTC_0df7c/fast"
/Applications/Xcode.app/Contents/Developer/usr/bin/make -f CMakeFiles/cmTC_0df7c.dir/build.make CMakeFiles/cmTC_0df7c.dir/build
Building Fortran object CMakeFiles/cmTC_0df7c.dir/testFortranCompiler.f.o
/usr/local/bin/gfortran     -c /Users/yuping37/Documents/arpackpp-master/build/CMakeFiles/CMakeTmp/testFortranCompiler.f -o CMakeFiles/cmTC_0df7c.dir/testFortranCompiler.f.o
Linking Fortran executable cmTC_0df7c
/usr/local/Cellar/cmake/3.4.3/bin/cmake -E cmake_link_script CMakeFiles/cmTC_0df7c.dir/link.txt --verbose=1
/usr/local/bin/gfortran       CMakeFiles/cmTC_0df7c.dir/testFortranCompiler.f.o  -o cmTC_0df7c  


Detecting Fortran compiler ABI info compiled with the following output:
Change Dir: /Users/yuping37/Documents/arpackpp-master/build/CMakeFiles/CMakeTmp

Run Build Command:"/usr/bin/make" "cmTC_83445/fast"
/Applications/Xcode.app/Contents/Developer/usr/bin/make -f CMakeFiles/cmTC_83445.dir/build.make CMakeFiles/cmTC_83445.dir/build
Building Fortran object CMakeFiles/cmTC_83445.dir/CMakeFortranCompilerABI.F.o
/usr/local/bin/gfortran     -c /usr/local/Cellar/cmake/3.4.3/share/cmake/Modules/CMakeFortranCompilerABI.F -o CMakeFiles/cmTC_83445.dir/CMakeFortranCompilerABI.F.o
Linking Fortran executable cmTC_83445
/usr/local/Cellar/cmake/3.4.3/bin/cmake -E cmake_link_script CMakeFiles/cmTC_83445.dir/link.txt --verbose=1
/usr/local/bin/gfortran    -v -Wl,-v   CMakeFiles/cmTC_83445.dir/CMakeFortranCompilerABI.F.o  -o cmTC_83445   
Driving: /usr/local/bin/gfortran -v -Wl,-v CMakeFiles/cmTC_83445.dir/CMakeFortranCompilerABI.F.o -o cmTC_83445 -mmacosx-version-min=10.12.5 -asm_macosx_version_min=10.12 -l gfortran -shared-libgcc
Using built-in specs.
COLLECT_GCC=/usr/local/bin/gfortran
COLLECT_LTO_WRAPPER=/usr/local/Cellar/gcc/6.3.0_1/libexec/gcc/x86_64-apple-darwin16.5.0/6.3.0/lto-wrapper
Target: x86_64-apple-darwin16.5.0
Configured with: ../configure --build=x86_64-apple-darwin16.5.0 --prefix=/usr/local/Cellar/gcc/6.3.0_1 --libdir=/usr/local/Cellar/gcc/6.3.0_1/lib/gcc/6 --enable-languages=c,c++,objc,obj-c++,fortran --program-suffix=-6 --with-gmp=/usr/local/opt/gmp --with-mpfr=/usr/local/opt/mpfr --with-mpc=/usr/local/opt/libmpc --with-isl=/usr/local/opt/isl --with-system-zlib --enable-stage1-checking --enable-checking=release --enable-lto --with-build-config=bootstrap-debug --disable-werror --with-pkgversion='Homebrew GCC 6.3.0_1 --without-multilib' --with-bugurl=https://github.com/Homebrew/homebrew-core/issues --disable-nls --disable-multilib
Thread model: posix
gcc version 6.3.0 (Homebrew GCC 6.3.0_1 --without-multilib) 
Reading specs from /usr/local/Cellar/gcc/6.3.0_1/lib/gcc/6/gcc/x86_64-apple-darwin16.5.0/6.3.0/../../../libgfortran.spec
rename spec lib to liborig
COLLECT_GCC_OPTIONS='-v' '-o' 'cmTC_83445' '-mmacosx-version-min=10.12.5' '-asm_macosx_version_min=10.12' '-shared-libgcc' '-mtune=core2'
COMPILER_PATH=/usr/local/Cellar/gcc/6.3.0_1/libexec/gcc/x86_64-apple-darwin16.5.0/6.3.0/:/usr/local/Cellar/gcc/6.3.0_1/libexec/gcc/x86_64-apple-darwin16.5.0/6.3.0/:/usr/local/Cellar/gcc/6.3.0_1/libexec/gcc/x86_64-apple-darwin16.5.0/:/usr/local/Cellar/gcc/6.3.0_1/lib/gcc/6/gcc/x86_64-apple-darwin16.5.0/6.3.0/:/usr/local/Cellar/gcc/6.3.0_1/lib/gcc/6/gcc/x86_64-apple-darwin16.5.0/
LIBRARY_PATH=/usr/local/Cellar/gcc/6.3.0_1/lib/gcc/6/gcc/x86_64-apple-darwin16.5.0/6.3.0/:/usr/local/Cellar/gcc/6.3.0_1/lib/gcc/6/gcc/x86_64-apple-darwin16.5.0/6.3.0/../../../
COLLECT_GCC_OPTIONS='-v' '-o' 'cmTC_83445' '-mmacosx-version-min=10.12.5' '-asm_macosx_version_min=10.12' '-shared-libgcc' '-mtune=core2'
 /usr/local/Cellar/gcc/6.3.0_1/libexec/gcc/x86_64-apple-darwin16.5.0/6.3.0/collect2 -dynamic -arch x86_64 -macosx_version_min 10.12.5 -weak_reference_mismatches non-weak -o cmTC_83445 -L/usr/local/Cellar/gcc/6.3.0_1/lib/gcc/6/gcc/x86_64-apple-darwin16.5.0/6.3.0 -L/usr/local/Cellar/gcc/6.3.0_1/lib/gcc/6/gcc/x86_64-apple-darwin16.5.0/6.3.0/../../.. -v CMakeFiles/cmTC_83445.dir/CMakeFortranCompilerABI.F.o -lgfortran -no_compact_unwind -lSystem -lgcc_ext.10.5 -lgcc -lquadmath -lm -lgcc_ext.10.5 -lgcc -lSystem -v
collect2 version 6.3.0
/usr/bin/ld -dynamic -arch x86_64 -macosx_version_min 10.12.5 -weak_reference_mismatches non-weak -o cmTC_83445 -L/usr/local/Cellar/gcc/6.3.0_1/lib/gcc/6/gcc/x86_64-apple-darwin16.5.0/6.3.0 -L/usr/local/Cellar/gcc/6.3.0_1/lib/gcc/6/gcc/x86_64-apple-darwin16.5.0/6.3.0/../../.. -v CMakeFiles/cmTC_83445.dir/CMakeFortranCompilerABI.F.o -lgfortran -no_compact_unwind -lSystem -lgcc_ext.10.5 -lgcc -lquadmath -lm -lgcc_ext.10.5 -lgcc -lSystem -v
@(#)PROGRAM:ld  PROJECT:ld64-278.4
configured to support archs: armv6 armv7 armv7s arm64 i386 x86_64 x86_64h armv6m armv7k armv7m armv7em (tvOS)
@(#)PROGRAM:ld  PROJECT:ld64-278.4
configured to support archs: armv6 armv7 armv7s arm64 i386 x86_64 x86_64h armv6m armv7k armv7m armv7em (tvOS)
Library search paths:
	/usr/local/Cellar/gcc/6.3.0_1/lib/gcc/6/gcc/x86_64-apple-darwin16.5.0/6.3.0
	/usr/local/Cellar/gcc/6.3.0_1/lib/gcc/6
	/usr/lib
	/usr/local/lib
Framework search paths:
	/Library/Frameworks/
	/System/Library/Frameworks/
 /usr/bin/nm -n CMakeFiles/cmTC_83445.dir/CMakeFortranCompilerABI.F.o


Parsed Fortran implicit link information from above output:
  link line regex: [^( *|.*[/\])(ld|([^/\]+-)?ld|collect2)[^/\]*( |$)]
  ignore line: [Change Dir: /Users/yuping37/Documents/arpackpp-master/build/CMakeFiles/CMakeTmp]
  ignore line: []
  ignore line: [Run Build Command:"/usr/bin/make" "cmTC_83445/fast"]
  ignore line: [/Applications/Xcode.app/Contents/Developer/usr/bin/make -f CMakeFiles/cmTC_83445.dir/build.make CMakeFiles/cmTC_83445.dir/build]
  ignore line: [Building Fortran object CMakeFiles/cmTC_83445.dir/CMakeFortranCompilerABI.F.o]
  ignore line: [/usr/local/bin/gfortran     -c /usr/local/Cellar/cmake/3.4.3/share/cmake/Modules/CMakeFortranCompilerABI.F -o CMakeFiles/cmTC_83445.dir/CMakeFortranCompilerABI.F.o]
  ignore line: [Linking Fortran executable cmTC_83445]
  ignore line: [/usr/local/Cellar/cmake/3.4.3/bin/cmake -E cmake_link_script CMakeFiles/cmTC_83445.dir/link.txt --verbose=1]
  ignore line: [/usr/local/bin/gfortran    -v -Wl,-v   CMakeFiles/cmTC_83445.dir/CMakeFortranCompilerABI.F.o  -o cmTC_83445   ]
  ignore line: [Driving: /usr/local/bin/gfortran -v -Wl,-v CMakeFiles/cmTC_83445.dir/CMakeFortranCompilerABI.F.o -o cmTC_83445 -mmacosx-version-min=10.12.5 -asm_macosx_version_min=10.12 -l gfortran -shared-libgcc]
  ignore line: [Using built-in specs.]
  ignore line: [COLLECT_GCC=/usr/local/bin/gfortran]
  ignore line: [COLLECT_LTO_WRAPPER=/usr/local/Cellar/gcc/6.3.0_1/libexec/gcc/x86_64-apple-darwin16.5.0/6.3.0/lto-wrapper]
  ignore line: [Target: x86_64-apple-darwin16.5.0]
  ignore line: [Configured with: ../configure --build=x86_64-apple-darwin16.5.0 --prefix=/usr/local/Cellar/gcc/6.3.0_1 --libdir=/usr/local/Cellar/gcc/6.3.0_1/lib/gcc/6 --enable-languages=c,c++,objc,obj-c++,fortran --program-suffix=-6 --with-gmp=/usr/local/opt/gmp --with-mpfr=/usr/local/opt/mpfr --with-mpc=/usr/local/opt/libmpc --with-isl=/usr/local/opt/isl --with-system-zlib --enable-stage1-checking --enable-checking=release --enable-lto --with-build-config=bootstrap-debug --disable-werror --with-pkgversion='Homebrew GCC 6.3.0_1 --without-multilib' --with-bugurl=https://github.com/Homebrew/homebrew-core/issues --disable-nls --disable-multilib]
  ignore line: [Thread model: posix]
  ignore line: [gcc version 6.3.0 (Homebrew GCC 6.3.0_1 --without-multilib) ]
  ignore line: [Reading specs from /usr/local/Cellar/gcc/6.3.0_1/lib/gcc/6/gcc/x86_64-apple-darwin16.5.0/6.3.0/../../../libgfortran.spec]
  ignore line: [rename spec lib to liborig]
  ignore line: [COLLECT_GCC_OPTIONS='-v' '-o' 'cmTC_83445' '-mmacosx-version-min=10.12.5' '-asm_macosx_version_min=10.12' '-shared-libgcc' '-mtune=core2']
  ignore line: [COMPILER_PATH=/usr/local/Cellar/gcc/6.3.0_1/libexec/gcc/x86_64-apple-darwin16.5.0/6.3.0/:/usr/local/Cellar/gcc/6.3.0_1/libexec/gcc/x86_64-apple-darwin16.5.0/6.3.0/:/usr/local/Cellar/gcc/6.3.0_1/libexec/gcc/x86_64-apple-darwin16.5.0/:/usr/local/Cellar/gcc/6.3.0_1/lib/gcc/6/gcc/x86_64-apple-darwin16.5.0/6.3.0/:/usr/local/Cellar/gcc/6.3.0_1/lib/gcc/6/gcc/x86_64-apple-darwin16.5.0/]
  ignore line: [LIBRARY_PATH=/usr/local/Cellar/gcc/6.3.0_1/lib/gcc/6/gcc/x86_64-apple-darwin16.5.0/6.3.0/:/usr/local/Cellar/gcc/6.3.0_1/lib/gcc/6/gcc/x86_64-apple-darwin16.5.0/6.3.0/../../../]
  ignore line: [COLLECT_GCC_OPTIONS='-v' '-o' 'cmTC_83445' '-mmacosx-version-min=10.12.5' '-asm_macosx_version_min=10.12' '-shared-libgcc' '-mtune=core2']
  link line: [ /usr/local/Cellar/gcc/6.3.0_1/libexec/gcc/x86_64-apple-darwin16.5.0/6.3.0/collect2 -dynamic -arch x86_64 -macosx_version_min 10.12.5 -weak_reference_mismatches non-weak -o cmTC_83445 -L/usr/local/Cellar/gcc/6.3.0_1/lib/gcc/6/gcc/x86_64-apple-darwin16.5.0/6.3.0 -L/usr/local/Cellar/gcc/6.3.0_1/lib/gcc/6/gcc/x86_64-apple-darwin16.5.0/6.3.0/../../.. -v CMakeFiles/cmTC_83445.dir/CMakeFortranCompilerABI.F.o -lgfortran -no_compact_unwind -lSystem -lgcc_ext.10.5 -lgcc -lquadmath -lm -lgcc_ext.10.5 -lgcc -lSystem -v]
    arg [/usr/local/Cellar/gcc/6.3.0_1/libexec/gcc/x86_64-apple-darwin16.5.0/6.3.0/collect2] ==> ignore
    arg [-dynamic] ==> ignore
    arg [-arch] ==> ignore
    arg [x86_64] ==> ignore
    arg [-macosx_version_min] ==> ignore
    arg [10.12.5] ==> ignore
    arg [-weak_reference_mismatches] ==> ignore
    arg [non-weak] ==> ignore
    arg [-o] ==> ignore
    arg [cmTC_83445] ==> ignore
    arg [-L/usr/local/Cellar/gcc/6.3.0_1/lib/gcc/6/gcc/x86_64-apple-darwin16.5.0/6.3.0] ==> dir [/usr/local/Cellar/gcc/6.3.0_1/lib/gcc/6/gcc/x86_64-apple-darwin16.5.0/6.3.0]
    arg [-L/usr/local/Cellar/gcc/6.3.0_1/lib/gcc/6/gcc/x86_64-apple-darwin16.5.0/6.3.0/../../..] ==> dir [/usr/local/Cellar/gcc/6.3.0_1/lib/gcc/6/gcc/x86_64-apple-darwin16.5.0/6.3.0/../../..]
    arg [-v] ==> ignore
    arg [CMakeFiles/cmTC_83445.dir/CMakeFortranCompilerABI.F.o] ==> ignore
    arg [-lgfortran] ==> lib [gfortran]
    arg [-no_compact_unwind] ==> ignore
    arg [-lSystem] ==> lib [System]
    arg [-lgcc_ext.10.5] ==> lib [gcc_ext.10.5]
    arg [-lgcc] ==> lib [gcc]
    arg [-lquadmath] ==> lib [quadmath]
    arg [-lm] ==> lib [m]
    arg [-lgcc_ext.10.5] ==> lib [gcc_ext.10.5]
    arg [-lgcc] ==> lib [gcc]
    arg [-lSystem] ==> lib [System]
    arg [-v] ==> ignore
  Library search paths: [;/usr/local/Cellar/gcc/6.3.0_1/lib/gcc/6/gcc/x86_64-apple-darwin16.5.0/6.3.0;/usr/local/Cellar/gcc/6.3.0_1/lib/gcc/6;/usr/lib;/usr/local/lib]
  Framework search paths: [;/Library/Frameworks/;/System/Library/Frameworks/]
  remove lib [System]
  remove lib [gcc_ext.10.5]
  remove lib [gcc]
  remove lib [gcc_ext.10.5]
  remove lib [gcc]
  remove lib [System]
  collapse library dir [/usr/local/Cellar/gcc/6.3.0_1/lib/gcc/6/gcc/x86_64-apple-darwin16.5.0/6.3.0] ==> [/usr/local/Cellar/gcc/6.3.0_1/lib/gcc/6/gcc/x86_64-apple-darwin16.5.0/6.3.0]
  collapse library dir [/usr/local/Cellar/gcc/6.3.0_1/lib/gcc/6/gcc/x86_64-apple-darwin16.5.0/6.3.0/../../..] ==> [/usr/local/Cellar/gcc/6.3.0_1/lib/gcc/6]
  collapse library dir [/usr/local/Cellar/gcc/6.3.0_1/lib/gcc/6/gcc/x86_64-apple-darwin16.5.0/6.3.0] ==> [/usr/local/Cellar/gcc/6.3.0_1/lib/gcc/6/gcc/x86_64-apple-darwin16.5.0/6.3.0]
  collapse library dir [/usr/local/Cellar/gcc/6.3.0_1/lib/gcc/6] ==> [/usr/local/Cellar/gcc/6.3.0_1/lib/gcc/6]
  collapse library dir [/usr/lib] ==> [/usr/lib]
  collapse library dir [/usr/local/lib] ==> [/usr/local/lib]
  collapse framework dir [/Library/Frameworks/] ==> [/Library/Frameworks]
  collapse framework dir [/System/Library/Frameworks/] ==> [/System/Library/Frameworks]
  implicit libs: [gfortran;quadmath;m]
  implicit dirs: [/usr/local/Cellar/gcc/6.3.0_1/lib/gcc/6/gcc/x86_64-apple-darwin16.5.0/6.3.0;/usr/local/Cellar/gcc/6.3.0_1/lib/gcc/6;/usr/lib;/usr/local/lib]
  implicit fwks: [/Library/Frameworks;/System/Library/Frameworks]


Determining if the Fortran compiler supports Fortran 90 passed with the following output:
Change Dir: /Users/yuping37/Documents/arpackpp-master/build/CMakeFiles/CMakeTmp

Run Build Command:"/usr/bin/make" "cmTC_f42ed/fast"
/Applications/Xcode.app/Contents/Developer/usr/bin/make -f CMakeFiles/cmTC_f42ed.dir/build.make CMakeFiles/cmTC_f42ed.dir/build
Building Fortran object CMakeFiles/cmTC_f42ed.dir/testFortranCompilerF90.f90.o
/usr/local/bin/gfortran     -c /Users/yuping37/Documents/arpackpp-master/build/CMakeFiles/CMakeTmp/testFortranCompilerF90.f90 -o CMakeFiles/cmTC_f42ed.dir/testFortranCompilerF90.f90.o
Linking Fortran executable cmTC_f42ed
/usr/local/Cellar/cmake/3.4.3/bin/cmake -E cmake_link_script CMakeFiles/cmTC_f42ed.dir/link.txt --verbose=1
/usr/local/bin/gfortran       CMakeFiles/cmTC_f42ed.dir/testFortranCompilerF90.f90.o  -o cmTC_f42ed  


Determining if the C compiler works passed with the following output:
Change Dir: /Users/yuping37/Documents/arpackpp-master/build/CMakeFiles/CMakeTmp

Run Build Command:"/usr/bin/make" "cmTC_114e0/fast"
/Applications/Xcode.app/Contents/Developer/usr/bin/make -f CMakeFiles/cmTC_114e0.dir/build.make CMakeFiles/cmTC_114e0.dir/build
Building C object CMakeFiles/cmTC_114e0.dir/testCCompiler.c.o
/Applications/Xcode.app/Contents/Developer/Toolchains/XcodeDefault.xctoolchain/usr/bin/cc     -o CMakeFiles/cmTC_114e0.dir/testCCompiler.c.o   -c /Users/yuping37/Documents/arpackpp-master/build/CMakeFiles/CMakeTmp/testCCompiler.c
Linking C executable cmTC_114e0
/usr/local/Cellar/cmake/3.4.3/bin/cmake -E cmake_link_script CMakeFiles/cmTC_114e0.dir/link.txt --verbose=1
/Applications/Xcode.app/Contents/Developer/Toolchains/XcodeDefault.xctoolchain/usr/bin/cc    -Wl,-search_paths_first -Wl,-headerpad_max_install_names   CMakeFiles/cmTC_114e0.dir/testCCompiler.c.o  -o cmTC_114e0  


Detecting C compiler ABI info compiled with the following output:
Change Dir: /Users/yuping37/Documents/arpackpp-master/build/CMakeFiles/CMakeTmp

Run Build Command:"/usr/bin/make" "cmTC_0022c/fast"
/Applications/Xcode.app/Contents/Developer/usr/bin/make -f CMakeFiles/cmTC_0022c.dir/build.make CMakeFiles/cmTC_0022c.dir/build
Building C object CMakeFiles/cmTC_0022c.dir/CMakeCCompilerABI.c.o
/Applications/Xcode.app/Contents/Developer/Toolchains/XcodeDefault.xctoolchain/usr/bin/cc     -o CMakeFiles/cmTC_0022c.dir/CMakeCCompilerABI.c.o   -c /usr/local/Cellar/cmake/3.4.3/share/cmake/Modules/CMakeCCompilerABI.c
Linking C executable cmTC_0022c
/usr/local/Cellar/cmake/3.4.3/bin/cmake -E cmake_link_script CMakeFiles/cmTC_0022c.dir/link.txt --verbose=1
/Applications/Xcode.app/Contents/Developer/Toolchains/XcodeDefault.xctoolchain/usr/bin/cc    -Wl,-search_paths_first -Wl,-headerpad_max_install_names  -v -Wl,-v CMakeFiles/cmTC_0022c.dir/CMakeCCompilerABI.c.o  -o cmTC_0022c   
Apple LLVM version 8.1.0 (clang-802.0.41)
Target: x86_64-apple-darwin16.5.0
Thread model: posix
InstalledDir: /Applications/Xcode.app/Contents/Developer/Toolchains/XcodeDefault.xctoolchain/usr/bin
 "/Applications/Xcode.app/Contents/Developer/Toolchains/XcodeDefault.xctoolchain/usr/bin/ld" -demangle -lto_library /Applications/Xcode.app/Contents/Developer/Toolchains/XcodeDefault.xctoolchain/usr/lib/libLTO.dylib -dynamic -arch x86_64 -macosx_version_min 10.12.0 -o cmTC_0022c -search_paths_first -headerpad_max_install_names -v CMakeFiles/cmTC_0022c.dir/CMakeCCompilerABI.c.o -lSystem /Applications/Xcode.app/Contents/Developer/Toolchains/XcodeDefault.xctoolchain/usr/bin/../lib/clang/8.1.0/lib/darwin/libclang_rt.osx.a
@(#)PROGRAM:ld  PROJECT:ld64-278.4
configured to support archs: armv6 armv7 armv7s arm64 i386 x86_64 x86_64h armv6m armv7k armv7m armv7em (tvOS)
Library search paths:
	/usr/lib
	/usr/local/lib
Framework search paths:
	/Library/Frameworks/
	/System/Library/Frameworks/


Parsed C implicit link information from above output:
  link line regex: [^( *|.*[/\])(ld|([^/\]+-)?ld|collect2)[^/\]*( |$)]
  ignore line: [Change Dir: /Users/yuping37/Documents/arpackpp-master/build/CMakeFiles/CMakeTmp]
  ignore line: []
  ignore line: [Run Build Command:"/usr/bin/make" "cmTC_0022c/fast"]
  ignore line: [/Applications/Xcode.app/Contents/Developer/usr/bin/make -f CMakeFiles/cmTC_0022c.dir/build.make CMakeFiles/cmTC_0022c.dir/build]
  ignore line: [Building C object CMakeFiles/cmTC_0022c.dir/CMakeCCompilerABI.c.o]
  ignore line: [/Applications/Xcode.app/Contents/Developer/Toolchains/XcodeDefault.xctoolchain/usr/bin/cc     -o CMakeFiles/cmTC_0022c.dir/CMakeCCompilerABI.c.o   -c /usr/local/Cellar/cmake/3.4.3/share/cmake/Modules/CMakeCCompilerABI.c]
  ignore line: [Linking C executable cmTC_0022c]
  ignore line: [/usr/local/Cellar/cmake/3.4.3/bin/cmake -E cmake_link_script CMakeFiles/cmTC_0022c.dir/link.txt --verbose=1]
  ignore line: [/Applications/Xcode.app/Contents/Developer/Toolchains/XcodeDefault.xctoolchain/usr/bin/cc    -Wl,-search_paths_first -Wl,-headerpad_max_install_names  -v -Wl,-v CMakeFiles/cmTC_0022c.dir/CMakeCCompilerABI.c.o  -o cmTC_0022c   ]
  ignore line: [Apple LLVM version 8.1.0 (clang-802.0.41)]
  ignore line: [Target: x86_64-apple-darwin16.5.0]
  ignore line: [Thread model: posix]
  ignore line: [InstalledDir: /Applications/Xcode.app/Contents/Developer/Toolchains/XcodeDefault.xctoolchain/usr/bin]
  link line: [ "/Applications/Xcode.app/Contents/Developer/Toolchains/XcodeDefault.xctoolchain/usr/bin/ld" -demangle -lto_library /Applications/Xcode.app/Contents/Developer/Toolchains/XcodeDefault.xctoolchain/usr/lib/libLTO.dylib -dynamic -arch x86_64 -macosx_version_min 10.12.0 -o cmTC_0022c -search_paths_first -headerpad_max_install_names -v CMakeFiles/cmTC_0022c.dir/CMakeCCompilerABI.c.o -lSystem /Applications/Xcode.app/Contents/Developer/Toolchains/XcodeDefault.xctoolchain/usr/bin/../lib/clang/8.1.0/lib/darwin/libclang_rt.osx.a]
    arg [/Applications/Xcode.app/Contents/Developer/Toolchains/XcodeDefault.xctoolchain/usr/bin/ld] ==> ignore
    arg [-demangle] ==> ignore
    arg [-lto_library] ==> lib [to_library]
    arg [/Applications/Xcode.app/Contents/Developer/Toolchains/XcodeDefault.xctoolchain/usr/lib/libLTO.dylib] ==> ignore
    arg [-dynamic] ==> ignore
    arg [-arch] ==> ignore
    arg [x86_64] ==> ignore
    arg [-macosx_version_min] ==> ignore
    arg [10.12.0] ==> ignore
    arg [-o] ==> ignore
    arg [cmTC_0022c] ==> ignore
    arg [-search_paths_first] ==> ignore
    arg [-headerpad_max_install_names] ==> ignore
    arg [-v] ==> ignore
    arg [CMakeFiles/cmTC_0022c.dir/CMakeCCompilerABI.c.o] ==> ignore
    arg [-lSystem] ==> lib [System]
    arg [/Applications/Xcode.app/Contents/Developer/Toolchains/XcodeDefault.xctoolchain/usr/bin/../lib/clang/8.1.0/lib/darwin/libclang_rt.osx.a] ==> lib [/Applications/Xcode.app/Contents/Developer/Toolchains/XcodeDefault.xctoolchain/usr/bin/../lib/clang/8.1.0/lib/darwin/libclang_rt.osx.a]
  Library search paths: [;/usr/lib;/usr/local/lib]
  Framework search paths: [;/Library/Frameworks/;/System/Library/Frameworks/]
  remove lib [System]
  collapse lib [/Applications/Xcode.app/Contents/Developer/Toolchains/XcodeDefault.xctoolchain/usr/bin/../lib/clang/8.1.0/lib/darwin/libclang_rt.osx.a] ==> [/Applications/Xcode.app/Contents/Developer/Toolchains/XcodeDefault.xctoolchain/usr/lib/clang/8.1.0/lib/darwin/libclang_rt.osx.a]
  collapse library dir [/usr/lib] ==> [/usr/lib]
  collapse library dir [/usr/local/lib] ==> [/usr/local/lib]
  collapse framework dir [/Library/Frameworks/] ==> [/Library/Frameworks]
  collapse framework dir [/System/Library/Frameworks/] ==> [/System/Library/Frameworks]
  implicit libs: [to_library;/Applications/Xcode.app/Contents/Developer/Toolchains/XcodeDefault.xctoolchain/usr/lib/clang/8.1.0/lib/darwin/libclang_rt.osx.a]
  implicit dirs: [/usr/lib;/usr/local/lib]
  implicit fwks: [/Library/Frameworks;/System/Library/Frameworks]




Detecting C [-std=c11] compiler features compiled with the following output:
Change Dir: /Users/yuping37/Documents/arpackpp-master/build/CMakeFiles/CMakeTmp

Run Build Command:"/usr/bin/make" "cmTC_32a84/fast"
/Applications/Xcode.app/Contents/Developer/usr/bin/make -f CMakeFiles/cmTC_32a84.dir/build.make CMakeFiles/cmTC_32a84.dir/build
Building C object CMakeFiles/cmTC_32a84.dir/feature_tests.c.o
/Applications/Xcode.app/Contents/Developer/Toolchains/XcodeDefault.xctoolchain/usr/bin/cc    -std=c11 -o CMakeFiles/cmTC_32a84.dir/feature_tests.c.o   -c /Users/yuping37/Documents/arpackpp-master/build/CMakeFiles/feature_tests.c
Linking C executable cmTC_32a84
/usr/local/Cellar/cmake/3.4.3/bin/cmake -E cmake_link_script CMakeFiles/cmTC_32a84.dir/link.txt --verbose=1
/Applications/Xcode.app/Contents/Developer/Toolchains/XcodeDefault.xctoolchain/usr/bin/cc    -Wl,-search_paths_first -Wl,-headerpad_max_install_names   CMakeFiles/cmTC_32a84.dir/feature_tests.c.o  -o cmTC_32a84  


    Feature record: C_FEATURE:1c_function_prototypes
    Feature record: C_FEATURE:1c_restrict
    Feature record: C_FEATURE:1c_static_assert
    Feature record: C_FEATURE:1c_variadic_macros


Detecting C [-std=c99] compiler features compiled with the following output:
Change Dir: /Users/yuping37/Documents/arpackpp-master/build/CMakeFiles/CMakeTmp

Run Build Command:"/usr/bin/make" "cmTC_83a10/fast"
/Applications/Xcode.app/Contents/Developer/usr/bin/make -f CMakeFiles/cmTC_83a10.dir/build.make CMakeFiles/cmTC_83a10.dir/build
Building C object CMakeFiles/cmTC_83a10.dir/feature_tests.c.o
/Applications/Xcode.app/Contents/Developer/Toolchains/XcodeDefault.xctoolchain/usr/bin/cc    -std=c99 -o CMakeFiles/cmTC_83a10.dir/feature_tests.c.o   -c /Users/yuping37/Documents/arpackpp-master/build/CMakeFiles/feature_tests.c
Linking C executable cmTC_83a10
/usr/local/Cellar/cmake/3.4.3/bin/cmake -E cmake_link_script CMakeFiles/cmTC_83a10.dir/link.txt --verbose=1
/Applications/Xcode.app/Contents/Developer/Toolchains/XcodeDefault.xctoolchain/usr/bin/cc    -Wl,-search_paths_first -Wl,-headerpad_max_install_names   CMakeFiles/cmTC_83a10.dir/feature_tests.c.o  -o cmTC_83a10  


    Feature record: C_FEATURE:1c_function_prototypes
    Feature record: C_FEATURE:1c_restrict
    Feature record: C_FEATURE:0c_static_assert
    Feature record: C_FEATURE:1c_variadic_macros


Detecting C [-std=c90] compiler features compiled with the following output:
Change Dir: /Users/yuping37/Documents/arpackpp-master/build/CMakeFiles/CMakeTmp

Run Build Command:"/usr/bin/make" "cmTC_c642b/fast"
/Applications/Xcode.app/Contents/Developer/usr/bin/make -f CMakeFiles/cmTC_c642b.dir/build.make CMakeFiles/cmTC_c642b.dir/build
Building C object CMakeFiles/cmTC_c642b.dir/feature_tests.c.o
/Applications/Xcode.app/Contents/Developer/Toolchains/XcodeDefault.xctoolchain/usr/bin/cc    -std=c90 -o CMakeFiles/cmTC_c642b.dir/feature_tests.c.o   -c /Users/yuping37/Documents/arpackpp-master/build/CMakeFiles/feature_tests.c
Linking C executable cmTC_c642b
/usr/local/Cellar/cmake/3.4.3/bin/cmake -E cmake_link_script CMakeFiles/cmTC_c642b.dir/link.txt --verbose=1
/Applications/Xcode.app/Contents/Developer/Toolchains/XcodeDefault.xctoolchain/usr/bin/cc    -Wl,-search_paths_first -Wl,-headerpad_max_install_names   CMakeFiles/cmTC_c642b.dir/feature_tests.c.o  -o cmTC_c642b  


    Feature record: C_FEATURE:1c_function_prototypes
    Feature record: C_FEATURE:0c_restrict
    Feature record: C_FEATURE:0c_static_assert
    Feature record: C_FEATURE:0c_variadic_macros
Determining if the CXX compiler works passed with the following output:
Change Dir: /Users/yuping37/Documents/arpackpp-master/build/CMakeFiles/CMakeTmp

Run Build Command:"/usr/bin/make" "cmTC_78a3b/fast"
/Applications/Xcode.app/Contents/Developer/usr/bin/make -f CMakeFiles/cmTC_78a3b.dir/build.make CMakeFiles/cmTC_78a3b.dir/build
Building CXX object CMakeFiles/cmTC_78a3b.dir/testCXXCompiler.cxx.o
/Applications/Xcode.app/Contents/Developer/Toolchains/XcodeDefault.xctoolchain/usr/bin/c++      -o CMakeFiles/cmTC_78a3b.dir/testCXXCompiler.cxx.o -c /Users/yuping37/Documents/arpackpp-master/build/CMakeFiles/CMakeTmp/testCXXCompiler.cxx
Linking CXX executable cmTC_78a3b
/usr/local/Cellar/cmake/3.4.3/bin/cmake -E cmake_link_script CMakeFiles/cmTC_78a3b.dir/link.txt --verbose=1
/Applications/Xcode.app/Contents/Developer/Toolchains/XcodeDefault.xctoolchain/usr/bin/c++     -Wl,-search_paths_first -Wl,-headerpad_max_install_names   CMakeFiles/cmTC_78a3b.dir/testCXXCompiler.cxx.o  -o cmTC_78a3b  


Detecting CXX compiler ABI info compiled with the following output:
Change Dir: /Users/yuping37/Documents/arpackpp-master/build/CMakeFiles/CMakeTmp

Run Build Command:"/usr/bin/make" "cmTC_6344d/fast"
/Applications/Xcode.app/Contents/Developer/usr/bin/make -f CMakeFiles/cmTC_6344d.dir/build.make CMakeFiles/cmTC_6344d.dir/build
Building CXX object CMakeFiles/cmTC_6344d.dir/CMakeCXXCompilerABI.cpp.o
/Applications/Xcode.app/Contents/Developer/Toolchains/XcodeDefault.xctoolchain/usr/bin/c++      -o CMakeFiles/cmTC_6344d.dir/CMakeCXXCompilerABI.cpp.o -c /usr/local/Cellar/cmake/3.4.3/share/cmake/Modules/CMakeCXXCompilerABI.cpp
Linking CXX executable cmTC_6344d
/usr/local/Cellar/cmake/3.4.3/bin/cmake -E cmake_link_script CMakeFiles/cmTC_6344d.dir/link.txt --verbose=1
/Applications/Xcode.app/Contents/Developer/Toolchains/XcodeDefault.xctoolchain/usr/bin/c++     -Wl,-search_paths_first -Wl,-headerpad_max_install_names  -v -Wl,-v CMakeFiles/cmTC_6344d.dir/CMakeCXXCompilerABI.cpp.o  -o cmTC_6344d   
Apple LLVM version 8.1.0 (clang-802.0.41)
Target: x86_64-apple-darwin16.5.0
Thread model: posix
InstalledDir: /Applications/Xcode.app/Contents/Developer/Toolchains/XcodeDefault.xctoolchain/usr/bin
 "/Applications/Xcode.app/Contents/Developer/Toolchains/XcodeDefault.xctoolchain/usr/bin/ld" -demangle -lto_library /Applications/Xcode.app/Contents/Developer/Toolchains/XcodeDefault.xctoolchain/usr/lib/libLTO.dylib -dynamic -arch x86_64 -macosx_version_min 10.12.0 -o cmTC_6344d -search_paths_first -headerpad_max_install_names -v CMakeFiles/cmTC_6344d.dir/CMakeCXXCompilerABI.cpp.o -lc++ -lSystem /Applications/Xcode.app/Contents/Developer/Toolchains/XcodeDefault.xctoolchain/usr/bin/../lib/clang/8.1.0/lib/darwin/libclang_rt.osx.a
@(#)PROGRAM:ld  PROJECT:ld64-278.4
configured to support archs: armv6 armv7 armv7s arm64 i386 x86_64 x86_64h armv6m armv7k armv7m armv7em (tvOS)
Library search paths:
	/usr/lib
	/usr/local/lib
Framework search paths:
	/Library/Frameworks/
	/System/Library/Frameworks/


Parsed CXX implicit link information from above output:
  link line regex: [^( *|.*[/\])(ld|([^/\]+-)?ld|collect2)[^/\]*( |$)]
  ignore line: [Change Dir: /Users/yuping37/Documents/arpackpp-master/build/CMakeFiles/CMakeTmp]
  ignore line: []
  ignore line: [Run Build Command:"/usr/bin/make" "cmTC_6344d/fast"]
  ignore line: [/Applications/Xcode.app/Contents/Developer/usr/bin/make -f CMakeFiles/cmTC_6344d.dir/build.make CMakeFiles/cmTC_6344d.dir/build]
  ignore line: [Building CXX object CMakeFiles/cmTC_6344d.dir/CMakeCXXCompilerABI.cpp.o]
  ignore line: [/Applications/Xcode.app/Contents/Developer/Toolchains/XcodeDefault.xctoolchain/usr/bin/c++      -o CMakeFiles/cmTC_6344d.dir/CMakeCXXCompilerABI.cpp.o -c /usr/local/Cellar/cmake/3.4.3/share/cmake/Modules/CMakeCXXCompilerABI.cpp]
  ignore line: [Linking CXX executable cmTC_6344d]
  ignore line: [/usr/local/Cellar/cmake/3.4.3/bin/cmake -E cmake_link_script CMakeFiles/cmTC_6344d.dir/link.txt --verbose=1]
  ignore line: [/Applications/Xcode.app/Contents/Developer/Toolchains/XcodeDefault.xctoolchain/usr/bin/c++     -Wl,-search_paths_first -Wl,-headerpad_max_install_names  -v -Wl,-v CMakeFiles/cmTC_6344d.dir/CMakeCXXCompilerABI.cpp.o  -o cmTC_6344d   ]
  ignore line: [Apple LLVM version 8.1.0 (clang-802.0.41)]
  ignore line: [Target: x86_64-apple-darwin16.5.0]
  ignore line: [Thread model: posix]
  ignore line: [InstalledDir: /Applications/Xcode.app/Contents/Developer/Toolchains/XcodeDefault.xctoolchain/usr/bin]
  link line: [ "/Applications/Xcode.app/Contents/Developer/Toolchains/XcodeDefault.xctoolchain/usr/bin/ld" -demangle -lto_library /Applications/Xcode.app/Contents/Developer/Toolchains/XcodeDefault.xctoolchain/usr/lib/libLTO.dylib -dynamic -arch x86_64 -macosx_version_min 10.12.0 -o cmTC_6344d -search_paths_first -headerpad_max_install_names -v CMakeFiles/cmTC_6344d.dir/CMakeCXXCompilerABI.cpp.o -lc++ -lSystem /Applications/Xcode.app/Contents/Developer/Toolchains/XcodeDefault.xctoolchain/usr/bin/../lib/clang/8.1.0/lib/darwin/libclang_rt.osx.a]
    arg [/Applications/Xcode.app/Contents/Developer/Toolchains/XcodeDefault.xctoolchain/usr/bin/ld] ==> ignore
    arg [-demangle] ==> ignore
    arg [-lto_library] ==> lib [to_library]
    arg [/Applications/Xcode.app/Contents/Developer/Toolchains/XcodeDefault.xctoolchain/usr/lib/libLTO.dylib] ==> ignore
    arg [-dynamic] ==> ignore
    arg [-arch] ==> ignore
    arg [x86_64] ==> ignore
    arg [-macosx_version_min] ==> ignore
    arg [10.12.0] ==> ignore
    arg [-o] ==> ignore
    arg [cmTC_6344d] ==> ignore
    arg [-search_paths_first] ==> ignore
    arg [-headerpad_max_install_names] ==> ignore
    arg [-v] ==> ignore
    arg [CMakeFiles/cmTC_6344d.dir/CMakeCXXCompilerABI.cpp.o] ==> ignore
    arg [-lc++] ==> lib [c++]
    arg [-lSystem] ==> lib [System]
    arg [/Applications/Xcode.app/Contents/Developer/Toolchains/XcodeDefault.xctoolchain/usr/bin/../lib/clang/8.1.0/lib/darwin/libclang_rt.osx.a] ==> lib [/Applications/Xcode.app/Contents/Developer/Toolchains/XcodeDefault.xctoolchain/usr/bin/../lib/clang/8.1.0/lib/darwin/libclang_rt.osx.a]
  Library search paths: [;/usr/lib;/usr/local/lib]
  Framework search paths: [;/Library/Frameworks/;/System/Library/Frameworks/]
  remove lib [System]
  collapse lib [/Applications/Xcode.app/Contents/Developer/Toolchains/XcodeDefault.xctoolchain/usr/bin/../lib/clang/8.1.0/lib/darwin/libclang_rt.osx.a] ==> [/Applications/Xcode.app/Contents/Developer/Toolchains/XcodeDefault.xctoolchain/usr/lib/clang/8.1.0/lib/darwin/libclang_rt.osx.a]
  collapse library dir [/usr/lib] ==> [/usr/lib]
  collapse library dir [/usr/local/lib] ==> [/usr/local/lib]
  collapse framework dir [/Library/Frameworks/] ==> [/Library/Frameworks]
  collapse framework dir [/System/Library/Frameworks/] ==> [/System/Library/Frameworks]
  implicit libs: [to_library;c++;/Applications/Xcode.app/Contents/Developer/Toolchains/XcodeDefault.xctoolchain/usr/lib/clang/8.1.0/lib/darwin/libclang_rt.osx.a]
  implicit dirs: [/usr/lib;/usr/local/lib]
  implicit fwks: [/Library/Frameworks;/System/Library/Frameworks]




Detecting CXX [-std=c++14] compiler features compiled with the following output:
Change Dir: /Users/yuping37/Documents/arpackpp-master/build/CMakeFiles/CMakeTmp

Run Build Command:"/usr/bin/make" "cmTC_8d215/fast"
/Applications/Xcode.app/Contents/Developer/usr/bin/make -f CMakeFiles/cmTC_8d215.dir/build.make CMakeFiles/cmTC_8d215.dir/build
Building CXX object CMakeFiles/cmTC_8d215.dir/feature_tests.cxx.o
/Applications/Xcode.app/Contents/Developer/Toolchains/XcodeDefault.xctoolchain/usr/bin/c++     -std=c++14 -o CMakeFiles/cmTC_8d215.dir/feature_tests.cxx.o -c /Users/yuping37/Documents/arpackpp-master/build/CMakeFiles/feature_tests.cxx
Linking CXX executable cmTC_8d215
/usr/local/Cellar/cmake/3.4.3/bin/cmake -E cmake_link_script CMakeFiles/cmTC_8d215.dir/link.txt --verbose=1
/Applications/Xcode.app/Contents/Developer/Toolchains/XcodeDefault.xctoolchain/usr/bin/c++     -Wl,-search_paths_first -Wl,-headerpad_max_install_names   CMakeFiles/cmTC_8d215.dir/feature_tests.cxx.o  -o cmTC_8d215  


    Feature record: CXX_FEATURE:1cxx_aggregate_default_initializers
    Feature record: CXX_FEATURE:1cxx_alias_templates
    Feature record: CXX_FEATURE:1cxx_alignas
    Feature record: CXX_FEATURE:1cxx_alignof
    Feature record: CXX_FEATURE:1cxx_attributes
    Feature record: CXX_FEATURE:1cxx_attribute_deprecated
    Feature record: CXX_FEATURE:1cxx_auto_type
    Feature record: CXX_FEATURE:1cxx_binary_literals
    Feature record: CXX_FEATURE:1cxx_constexpr
    Feature record: CXX_FEATURE:1cxx_contextual_conversions
    Feature record: CXX_FEATURE:1cxx_decltype
    Feature record: CXX_FEATURE:1cxx_decltype_auto
    Feature record: CXX_FEATURE:1cxx_decltype_incomplete_return_types
    Feature record: CXX_FEATURE:1cxx_default_function_template_args
    Feature record: CXX_FEATURE:1cxx_defaulted_functions
    Feature record: CXX_FEATURE:1cxx_defaulted_move_initializers
    Feature record: CXX_FEATURE:1cxx_delegating_constructors
    Feature record: CXX_FEATURE:1cxx_deleted_functions
    Feature record: CXX_FEATURE:1cxx_digit_separators
    Feature record: CXX_FEATURE:1cxx_enum_forward_declarations
    Feature record: CXX_FEATURE:1cxx_explicit_conversions
    Feature record: CXX_FEATURE:1cxx_extended_friend_declarations
    Feature record: CXX_FEATURE:1cxx_extern_templates
    Feature record: CXX_FEATURE:1cxx_final
    Feature record: CXX_FEATURE:1cxx_func_identifier
    Feature record: CXX_FEATURE:1cxx_generalized_initializers
    Feature record: CXX_FEATURE:1cxx_generic_lambdas
    Feature record: CXX_FEATURE:1cxx_inheriting_constructors
    Feature record: CXX_FEATURE:1cxx_inline_namespaces
    Feature record: CXX_FEATURE:1cxx_lambdas
    Feature record: CXX_FEATURE:1cxx_lambda_init_captures
    Feature record: CXX_FEATURE:1cxx_local_type_template_args
    Feature record: CXX_FEATURE:1cxx_long_long_type
    Feature record: CXX_FEATURE:1cxx_noexcept
    Feature record: CXX_FEATURE:1cxx_nonstatic_member_init
    Feature record: CXX_FEATURE:1cxx_nullptr
    Feature record: CXX_FEATURE:1cxx_override
    Feature record: CXX_FEATURE:1cxx_range_for
    Feature record: CXX_FEATURE:1cxx_raw_string_literals
    Feature record: CXX_FEATURE:1cxx_reference_qualified_functions
    Feature record: CXX_FEATURE:1cxx_relaxed_constexpr
    Feature record: CXX_FEATURE:1cxx_return_type_deduction
    Feature record: CXX_FEATURE:1cxx_right_angle_brackets
    Feature record: CXX_FEATURE:1cxx_rvalue_references
    Feature record: CXX_FEATURE:1cxx_sizeof_member
    Feature record: CXX_FEATURE:1cxx_static_assert
    Feature record: CXX_FEATURE:1cxx_strong_enums
    Feature record: CXX_FEATURE:1cxx_template_template_parameters
    Feature record: CXX_FEATURE:1cxx_thread_local
    Feature record: CXX_FEATURE:1cxx_trailing_return_types
    Feature record: CXX_FEATURE:1cxx_unicode_literals
    Feature record: CXX_FEATURE:1cxx_uniform_initialization
    Feature record: CXX_FEATURE:1cxx_unrestricted_unions
    Feature record: CXX_FEATURE:1cxx_user_literals
    Feature record: CXX_FEATURE:1cxx_variable_templates
    Feature record: CXX_FEATURE:1cxx_variadic_macros
    Feature record: CXX_FEATURE:1cxx_variadic_templates


Detecting CXX [-std=c++11] compiler features compiled with the following output:
Change Dir: /Users/yuping37/Documents/arpackpp-master/build/CMakeFiles/CMakeTmp

Run Build Command:"/usr/bin/make" "cmTC_f03a5/fast"
/Applications/Xcode.app/Contents/Developer/usr/bin/make -f CMakeFiles/cmTC_f03a5.dir/build.make CMakeFiles/cmTC_f03a5.dir/build
Building CXX object CMakeFiles/cmTC_f03a5.dir/feature_tests.cxx.o
/Applications/Xcode.app/Contents/Developer/Toolchains/XcodeDefault.xctoolchain/usr/bin/c++     -std=c++11 -o CMakeFiles/cmTC_f03a5.dir/feature_tests.cxx.o -c /Users/yuping37/Documents/arpackpp-master/build/CMakeFiles/feature_tests.cxx
Linking CXX executable cmTC_f03a5
/usr/local/Cellar/cmake/3.4.3/bin/cmake -E cmake_link_script CMakeFiles/cmTC_f03a5.dir/link.txt --verbose=1
/Applications/Xcode.app/Contents/Developer/Toolchains/XcodeDefault.xctoolchain/usr/bin/c++     -Wl,-search_paths_first -Wl,-headerpad_max_install_names   CMakeFiles/cmTC_f03a5.dir/feature_tests.cxx.o  -o cmTC_f03a5  


    Feature record: CXX_FEATURE:0cxx_aggregate_default_initializers
    Feature record: CXX_FEATURE:1cxx_alias_templates
    Feature record: CXX_FEATURE:1cxx_alignas
    Feature record: CXX_FEATURE:1cxx_alignof
    Feature record: CXX_FEATURE:1cxx_attributes
    Feature record: CXX_FEATURE:0cxx_attribute_deprecated
    Feature record: CXX_FEATURE:1cxx_auto_type
    Feature record: CXX_FEATURE:0cxx_binary_literals
    Feature record: CXX_FEATURE:1cxx_constexpr
    Feature record: CXX_FEATURE:0cxx_contextual_conversions
    Feature record: CXX_FEATURE:1cxx_decltype
    Feature record: CXX_FEATURE:0cxx_decltype_auto
    Feature record: CXX_FEATURE:1cxx_decltype_incomplete_return_types
    Feature record: CXX_FEATURE:1cxx_default_function_template_args
    Feature record: CXX_FEATURE:1cxx_defaulted_functions
    Feature record: CXX_FEATURE:1cxx_defaulted_move_initializers
    Feature record: CXX_FEATURE:1cxx_delegating_constructors
    Feature record: CXX_FEATURE:1cxx_deleted_functions
    Feature record: CXX_FEATURE:0cxx_digit_separators
    Feature record: CXX_FEATURE:1cxx_enum_forward_declarations
    Feature record: CXX_FEATURE:1cxx_explicit_conversions
    Feature record: CXX_FEATURE:1cxx_extended_friend_declarations
    Feature record: CXX_FEATURE:1cxx_extern_templates
    Feature record: CXX_FEATURE:1cxx_final
    Feature record: CXX_FEATURE:1cxx_func_identifier
    Feature record: CXX_FEATURE:1cxx_generalized_initializers
    Feature record: CXX_FEATURE:0cxx_generic_lambdas
    Feature record: CXX_FEATURE:1cxx_inheriting_constructors
    Feature record: CXX_FEATURE:1cxx_inline_namespaces
    Feature record: CXX_FEATURE:1cxx_lambdas
    Feature record: CXX_FEATURE:0cxx_lambda_init_captures
    Feature record: CXX_FEATURE:1cxx_local_type_template_args
    Feature record: CXX_FEATURE:1cxx_long_long_type
    Feature record: CXX_FEATURE:1cxx_noexcept
    Feature record: CXX_FEATURE:1cxx_nonstatic_member_init
    Feature record: CXX_FEATURE:1cxx_nullptr
    Feature record: CXX_FEATURE:1cxx_override
    Feature record: CXX_FEATURE:1cxx_range_for
    Feature record: CXX_FEATURE:1cxx_raw_string_literals
    Feature record: CXX_FEATURE:1cxx_reference_qualified_functions
    Feature record: CXX_FEATURE:0cxx_relaxed_constexpr
    Feature record: CXX_FEATURE:0cxx_return_type_deduction
    Feature record: CXX_FEATURE:1cxx_right_angle_brackets
    Feature record: CXX_FEATURE:1cxx_rvalue_references
    Feature record: CXX_FEATURE:1cxx_sizeof_member
    Feature record: CXX_FEATURE:1cxx_static_assert
    Feature record: CXX_FEATURE:1cxx_strong_enums
    Feature record: CXX_FEATURE:1cxx_template_template_parameters
    Feature record: CXX_FEATURE:1cxx_thread_local
    Feature record: CXX_FEATURE:1cxx_trailing_return_types
    Feature record: CXX_FEATURE:1cxx_unicode_literals
    Feature record: CXX_FEATURE:1cxx_uniform_initialization
    Feature record: CXX_FEATURE:1cxx_unrestricted_unions
    Feature record: CXX_FEATURE:1cxx_user_literals
    Feature record: CXX_FEATURE:0cxx_variable_templates
    Feature record: CXX_FEATURE:1cxx_variadic_macros
    Feature record: CXX_FEATURE:1cxx_variadic_templates


Detecting CXX [-std=c++98] compiler features compiled with the following output:
Change Dir: /Users/yuping37/Documents/arpackpp-master/build/CMakeFiles/CMakeTmp

Run Build Command:"/usr/bin/make" "cmTC_9741f/fast"
/Applications/Xcode.app/Contents/Developer/usr/bin/make -f CMakeFiles/cmTC_9741f.dir/build.make CMakeFiles/cmTC_9741f.dir/build
Building CXX object CMakeFiles/cmTC_9741f.dir/feature_tests.cxx.o
/Applications/Xcode.app/Contents/Developer/Toolchains/XcodeDefault.xctoolchain/usr/bin/c++     -std=c++98 -o CMakeFiles/cmTC_9741f.dir/feature_tests.cxx.o -c /Users/yuping37/Documents/arpackpp-master/build/CMakeFiles/feature_tests.cxx
Linking CXX executable cmTC_9741f
/usr/local/Cellar/cmake/3.4.3/bin/cmake -E cmake_link_script CMakeFiles/cmTC_9741f.dir/link.txt --verbose=1
/Applications/Xcode.app/Contents/Developer/Toolchains/XcodeDefault.xctoolchain/usr/bin/c++     -Wl,-search_paths_first -Wl,-headerpad_max_install_names   CMakeFiles/cmTC_9741f.dir/feature_tests.cxx.o  -o cmTC_9741f  


    Feature record: CXX_FEATURE:0cxx_aggregate_default_initializers
    Feature record: CXX_FEATURE:0cxx_alias_templates
    Feature record: CXX_FEATURE:0cxx_alignas
    Feature record: CXX_FEATURE:0cxx_alignof
    Feature record: CXX_FEATURE:0cxx_attributes
    Feature record: CXX_FEATURE:0cxx_attribute_deprecated
    Feature record: CXX_FEATURE:0cxx_auto_type
    Feature record: CXX_FEATURE:0cxx_binary_literals
    Feature record: CXX_FEATURE:0cxx_constexpr
    Feature record: CXX_FEATURE:0cxx_contextual_conversions
    Feature record: CXX_FEATURE:0cxx_decltype
    Feature record: CXX_FEATURE:0cxx_decltype_auto
    Feature record: CXX_FEATURE:0cxx_decltype_incomplete_return_types
    Feature record: CXX_FEATURE:0cxx_default_function_template_args
    Feature record: CXX_FEATURE:0cxx_defaulted_functions
    Feature record: CXX_FEATURE:0cxx_defaulted_move_initializers
    Feature record: CXX_FEATURE:0cxx_delegating_constructors
    Feature record: CXX_FEATURE:0cxx_deleted_functions
    Feature record: CXX_FEATURE:0cxx_digit_separators
    Feature record: CXX_FEATURE:0cxx_enum_forward_declarations
    Feature record: CXX_FEATURE:0cxx_explicit_conversions
    Feature record: CXX_FEATURE:0cxx_extended_friend_declarations
    Feature record: CXX_FEATURE:0cxx_extern_templates
    Feature record: CXX_FEATURE:0cxx_final
    Feature record: CXX_FEATURE:0cxx_func_identifier
    Feature record: CXX_FEATURE:0cxx_generalized_initializers
    Feature record: CXX_FEATURE:0cxx_generic_lambdas
    Feature record: CXX_FEATURE:0cxx_inheriting_constructors
    Feature record: CXX_FEATURE:0cxx_inline_namespaces
    Feature record: CXX_FEATURE:0cxx_lambdas
    Feature record: CXX_FEATURE:0cxx_lambda_init_captures
    Feature record: CXX_FEATURE:0cxx_local_type_template_args
    Feature record: CXX_FEATURE:0cxx_long_long_type
    Feature record: CXX_FEATURE:0cxx_noexcept
    Feature record: CXX_FEATURE:0cxx_nonstatic_member_init
    Feature record: CXX_FEATURE:0cxx_nullptr
    Feature record: CXX_FEATURE:0cxx_override
    Feature record: CXX_FEATURE:0cxx_range_for
    Feature record: CXX_FEATURE:0cxx_raw_string_literals
    Feature record: CXX_FEATURE:0cxx_reference_qualified_functions
    Feature record: CXX_FEATURE:0cxx_relaxed_constexpr
    Feature record: CXX_FEATURE:0cxx_return_type_deduction
    Feature record: CXX_FEATURE:0cxx_right_angle_brackets
    Feature record: CXX_FEATURE:0cxx_rvalue_references
    Feature record: CXX_FEATURE:0cxx_sizeof_member
    Feature record: CXX_FEATURE:0cxx_static_assert
    Feature record: CXX_FEATURE:0cxx_strong_enums
    Feature record: CXX_FEATURE:1cxx_template_template_parameters
    Feature record: CXX_FEATURE:0cxx_thread_local
    Feature record: CXX_FEATURE:0cxx_trailing_return_types
    Feature record: CXX_FEATURE:0cxx_unicode_literals
    Feature record: CXX_FEATURE:0cxx_uniform_initialization
    Feature record: CXX_FEATURE:0cxx_unrestricted_unions
    Feature record: CXX_FEATURE:0cxx_user_literals
    Feature record: CXX_FEATURE:0cxx_variable_templates
    Feature record: CXX_FEATURE:0cxx_variadic_macros
    Feature record: CXX_FEATURE:0cxx_variadic_templates
Determining if the Fortran dgemm exists passed with the following output:
Change Dir: /Users/yuping37/Documents/arpackpp-master/build/CMakeFiles/CMakeTmp

Run Build Command:"/usr/bin/make" "cmTC_ecc3b/fast"
/Applications/Xcode.app/Contents/Developer/usr/bin/make -f CMakeFiles/cmTC_ecc3b.dir/build.make CMakeFiles/cmTC_ecc3b.dir/build
Building Fortran object CMakeFiles/cmTC_ecc3b.dir/testFortranCompiler.f.o
/usr/local/bin/gfortran     -c /Users/yuping37/Documents/arpackpp-master/build/CMakeFiles/CMakeTmp/testFortranCompiler.f -o CMakeFiles/cmTC_ecc3b.dir/testFortranCompiler.f.o
Linking Fortran executable cmTC_ecc3b
/usr/local/Cellar/cmake/3.4.3/bin/cmake -E cmake_link_script CMakeFiles/cmTC_ecc3b.dir/link.txt --verbose=1
/usr/local/bin/gfortran       CMakeFiles/cmTC_ecc3b.dir/testFortranCompiler.f.o  -o cmTC_ecc3b  -framework Accelerate 


Determining if the include file pthread.h exists passed with the following output:
Change Dir: /Users/yuping37/Documents/arpackpp-master/build/CMakeFiles/CMakeTmp

Run Build Command:"/usr/bin/make" "cmTC_13d0d/fast"
/Applications/Xcode.app/Contents/Developer/usr/bin/make -f CMakeFiles/cmTC_13d0d.dir/build.make CMakeFiles/cmTC_13d0d.dir/build
Building C object CMakeFiles/cmTC_13d0d.dir/CheckIncludeFile.c.o
/Applications/Xcode.app/Contents/Developer/Toolchains/XcodeDefault.xctoolchain/usr/bin/cc     -o CMakeFiles/cmTC_13d0d.dir/CheckIncludeFile.c.o   -c /Users/yuping37/Documents/arpackpp-master/build/CMakeFiles/CMakeTmp/CheckIncludeFile.c
Linking C executable cmTC_13d0d
/usr/local/Cellar/cmake/3.4.3/bin/cmake -E cmake_link_script CMakeFiles/cmTC_13d0d.dir/link.txt --verbose=1
/Applications/Xcode.app/Contents/Developer/Toolchains/XcodeDefault.xctoolchain/usr/bin/cc    -Wl,-search_paths_first -Wl,-headerpad_max_install_names   CMakeFiles/cmTC_13d0d.dir/CheckIncludeFile.c.o  -o cmTC_13d0d  


Determining if the pthread_create exist passed with the following output:
Change Dir: /Users/yuping37/Documents/arpackpp-master/build/CMakeFiles/CMakeTmp

Run Build Command:"/usr/bin/make" "cmTC_77e78/fast"
/Applications/Xcode.app/Contents/Developer/usr/bin/make -f CMakeFiles/cmTC_77e78.dir/build.make CMakeFiles/cmTC_77e78.dir/build
Building C object CMakeFiles/cmTC_77e78.dir/CheckSymbolExists.c.o
/Applications/Xcode.app/Contents/Developer/Toolchains/XcodeDefault.xctoolchain/usr/bin/cc     -o CMakeFiles/cmTC_77e78.dir/CheckSymbolExists.c.o   -c /Users/yuping37/Documents/arpackpp-master/build/CMakeFiles/CMakeTmp/CheckSymbolExists.c
Linking C executable cmTC_77e78
/usr/local/Cellar/cmake/3.4.3/bin/cmake -E cmake_link_script CMakeFiles/cmTC_77e78.dir/link.txt --verbose=1
/Applications/Xcode.app/Contents/Developer/Toolchains/XcodeDefault.xctoolchain/usr/bin/cc    -Wl,-search_paths_first -Wl,-headerpad_max_install_names   CMakeFiles/cmTC_77e78.dir/CheckSymbolExists.c.o  -o cmTC_77e78  

File /Users/yuping37/Documents/arpackpp-master/build/CMakeFiles/CMakeTmp/CheckSymbolExists.c:
/* */
#include <pthread.h>

int main(int argc, char** argv)
{
  (void)argv;
#ifndef pthread_create
  return ((int*)(&pthread_create))[argc];
#else
  (void)argc;
  return 0;
#endif
}

Determining if the Fortran cheev exists passed with the following output:
Change Dir: /Users/yuping37/Documents/arpackpp-master/build/CMakeFiles/CMakeTmp

Run Build Command:"/usr/bin/make" "cmTC_4cc9b/fast"
/Applications/Xcode.app/Contents/Developer/usr/bin/make -f CMakeFiles/cmTC_4cc9b.dir/build.make CMakeFiles/cmTC_4cc9b.dir/build
Building Fortran object CMakeFiles/cmTC_4cc9b.dir/testFortranCompiler.f.o
/usr/local/bin/gfortran     -c /Users/yuping37/Documents/arpackpp-master/build/CMakeFiles/CMakeTmp/testFortranCompiler.f -o CMakeFiles/cmTC_4cc9b.dir/testFortranCompiler.f.o
Linking Fortran executable cmTC_4cc9b
/usr/local/Cellar/cmake/3.4.3/bin/cmake -E cmake_link_script CMakeFiles/cmTC_4cc9b.dir/link.txt --verbose=1
/usr/local/bin/gfortran       CMakeFiles/cmTC_4cc9b.dir/testFortranCompiler.f.o  -o cmTC_4cc9b  -framework Accelerate -framework Accelerate 


